Performing C++ SOURCE FILE Test COMPILER_SUPPORT_Wshorten64to32 failed with the following output:
Change Dir: /home/fishershi/UDACITY/Term2/Project5/UDACITY_MPC/src/Eigen-3.3/build/CMakeFiles/CMakeTmp

Run Build Command:"/usr/bin/make" "cmTC_6ca0c/fast"
/usr/bin/make -f CMakeFiles/cmTC_6ca0c.dir/build.make CMakeFiles/cmTC_6ca0c.dir/build
make[1]: Entering directory '/home/fishershi/UDACITY/Term2/Project5/UDACITY_MPC/src/Eigen-3.3/build/CMakeFiles/CMakeTmp'
Building CXX object CMakeFiles/cmTC_6ca0c.dir/src.cxx.o
/usr/bin/c++     -pedantic -Wall -Wextra -Wundef -Wcast-align -Wchar-subscripts -Wnon-virtual-dtor -Wunused-local-typedefs -Wpointer-arith -Wwrite-strings -Wformat-security -DCOMPILER_SUPPORT_Wshorten64to32 -Werror   -Wshorten-64-to-32 -o CMakeFiles/cmTC_6ca0c.dir/src.cxx.o -c /home/fishershi/UDACITY/Term2/Project5/UDACITY_MPC/src/Eigen-3.3/build/CMakeFiles/CMakeTmp/src.cxx
c++: error: unrecognized command line option '-Wshorten-64-to-32'
CMakeFiles/cmTC_6ca0c.dir/build.make:65: recipe for target 'CMakeFiles/cmTC_6ca0c.dir/src.cxx.o' failed
make[1]: *** [CMakeFiles/cmTC_6ca0c.dir/src.cxx.o] Error 1
make[1]: Leaving directory '/home/fishershi/UDACITY/Term2/Project5/UDACITY_MPC/src/Eigen-3.3/build/CMakeFiles/CMakeTmp'
Makefile:126: recipe for target 'cmTC_6ca0c/fast' failed
make: *** [cmTC_6ca0c/fast] Error 2

Source file was:
int main() { return 0; }
Performing C++ SOURCE FILE Test COMPILER_SUPPORT_Wenumconversion failed with the following output:
Change Dir: /home/fishershi/UDACITY/Term2/Project5/UDACITY_MPC/src/Eigen-3.3/build/CMakeFiles/CMakeTmp

Run Build Command:"/usr/bin/make" "cmTC_f7c7f/fast"
/usr/bin/make -f CMakeFiles/cmTC_f7c7f.dir/build.make CMakeFiles/cmTC_f7c7f.dir/build
make[1]: Entering directory '/home/fishershi/UDACITY/Term2/Project5/UDACITY_MPC/src/Eigen-3.3/build/CMakeFiles/CMakeTmp'
Building CXX object CMakeFiles/cmTC_f7c7f.dir/src.cxx.o
/usr/bin/c++     -pedantic -Wall -Wextra -Wundef -Wcast-align -Wchar-subscripts -Wnon-virtual-dtor -Wunused-local-typedefs -Wpointer-arith -Wwrite-strings -Wformat-security -Wlogical-op -DCOMPILER_SUPPORT_Wenumconversion -Werror   -Wenum-conversion -o CMakeFiles/cmTC_f7c7f.dir/src.cxx.o -c /home/fishershi/UDACITY/Term2/Project5/UDACITY_MPC/src/Eigen-3.3/build/CMakeFiles/CMakeTmp/src.cxx
c++: error: unrecognized command line option '-Wenum-conversion'
CMakeFiles/cmTC_f7c7f.dir/build.make:65: recipe for target 'CMakeFiles/cmTC_f7c7f.dir/src.cxx.o' failed
make[1]: *** [CMakeFiles/cmTC_f7c7f.dir/src.cxx.o] Error 1
make[1]: Leaving directory '/home/fishershi/UDACITY/Term2/Project5/UDACITY_MPC/src/Eigen-3.3/build/CMakeFiles/CMakeTmp'
Makefile:126: recipe for target 'cmTC_f7c7f/fast' failed
make: *** [cmTC_f7c7f/fast] Error 2

Source file was:
int main() { return 0; }
Performing C++ SOURCE FILE Test COMPILER_SUPPORT_Wcpp11extensions failed with the following output:
Change Dir: /home/fishershi/UDACITY/Term2/Project5/UDACITY_MPC/src/Eigen-3.3/build/CMakeFiles/CMakeTmp

Run Build Command:"/usr/bin/make" "cmTC_042db/fast"
/usr/bin/make -f CMakeFiles/cmTC_042db.dir/build.make CMakeFiles/cmTC_042db.dir/build
make[1]: Entering directory '/home/fishershi/UDACITY/Term2/Project5/UDACITY_MPC/src/Eigen-3.3/build/CMakeFiles/CMakeTmp'
Building CXX object CMakeFiles/cmTC_042db.dir/src.cxx.o
/usr/bin/c++     -pedantic -Wall -Wextra -Wundef -Wcast-align -Wchar-subscripts -Wnon-virtual-dtor -Wunused-local-typedefs -Wpointer-arith -Wwrite-strings -Wformat-security -Wlogical-op -DCOMPILER_SUPPORT_Wcpp11extensions -Werror   -Wc++11-extensions -o CMakeFiles/cmTC_042db.dir/src.cxx.o -c /home/fishershi/UDACITY/Term2/Project5/UDACITY_MPC/src/Eigen-3.3/build/CMakeFiles/CMakeTmp/src.cxx
c++: error: unrecognized command line option '-Wc++11-extensions'
CMakeFiles/cmTC_042db.dir/build.make:65: recipe for target 'CMakeFiles/cmTC_042db.dir/src.cxx.o' failed
make[1]: *** [CMakeFiles/cmTC_042db.dir/src.cxx.o] Error 1
make[1]: Leaving directory '/home/fishershi/UDACITY/Term2/Project5/UDACITY_MPC/src/Eigen-3.3/build/CMakeFiles/CMakeTmp'
Makefile:126: recipe for target 'cmTC_042db/fast' failed
make: *** [cmTC_042db/fast] Error 2

Source file was:
int main() { return 0; }
Performing C++ SOURCE FILE Test COMPILER_SUPPORT_wd981 failed with the following output:
Change Dir: /home/fishershi/UDACITY/Term2/Project5/UDACITY_MPC/src/Eigen-3.3/build/CMakeFiles/CMakeTmp

Run Build Command:"/usr/bin/make" "cmTC_a8f8a/fast"
/usr/bin/make -f CMakeFiles/cmTC_a8f8a.dir/build.make CMakeFiles/cmTC_a8f8a.dir/build
make[1]: Entering directory '/home/fishershi/UDACITY/Term2/Project5/UDACITY_MPC/src/Eigen-3.3/build/CMakeFiles/CMakeTmp'
Building CXX object CMakeFiles/cmTC_a8f8a.dir/src.cxx.o
/usr/bin/c++     -pedantic -Wall -Wextra -Wundef -Wcast-align -Wchar-subscripts -Wnon-virtual-dtor -Wunused-local-typedefs -Wpointer-arith -Wwrite-strings -Wformat-security -Wlogical-op -Wdouble-promotion -Wno-psabi -Wno-variadic-macros -Wno-long-long -fno-check-new -fno-common -fstrict-aliasing -DCOMPILER_SUPPORT_wd981 -Werror   -wd981 -o CMakeFiles/cmTC_a8f8a.dir/src.cxx.o -c /home/fishershi/UDACITY/Term2/Project5/UDACITY_MPC/src/Eigen-3.3/build/CMakeFiles/CMakeTmp/src.cxx
c++: error: unrecognized command line option '-wd981'
CMakeFiles/cmTC_a8f8a.dir/build.make:65: recipe for target 'CMakeFiles/cmTC_a8f8a.dir/src.cxx.o' failed
make[1]: *** [CMakeFiles/cmTC_a8f8a.dir/src.cxx.o] Error 1
make[1]: Leaving directory '/home/fishershi/UDACITY/Term2/Project5/UDACITY_MPC/src/Eigen-3.3/build/CMakeFiles/CMakeTmp'
Makefile:126: recipe for target 'cmTC_a8f8a/fast' failed
make: *** [cmTC_a8f8a/fast] Error 2

Source file was:
int main() { return 0; }
Performing C++ SOURCE FILE Test COMPILER_SUPPORT_wd2304 failed with the following output:
Change Dir: /home/fishershi/UDACITY/Term2/Project5/UDACITY_MPC/src/Eigen-3.3/build/CMakeFiles/CMakeTmp

Run Build Command:"/usr/bin/make" "cmTC_e4124/fast"
/usr/bin/make -f CMakeFiles/cmTC_e4124.dir/build.make CMakeFiles/cmTC_e4124.dir/build
make[1]: Entering directory '/home/fishershi/UDACITY/Term2/Project5/UDACITY_MPC/src/Eigen-3.3/build/CMakeFiles/CMakeTmp'
Building CXX object CMakeFiles/cmTC_e4124.dir/src.cxx.o
/usr/bin/c++     -pedantic -Wall -Wextra -Wundef -Wcast-align -Wchar-subscripts -Wnon-virtual-dtor -Wunused-local-typedefs -Wpointer-arith -Wwrite-strings -Wformat-security -Wlogical-op -Wdouble-promotion -Wno-psabi -Wno-variadic-macros -Wno-long-long -fno-check-new -fno-common -fstrict-aliasing -DCOMPILER_SUPPORT_wd2304 -Werror   -wd2304 -o CMakeFiles/cmTC_e4124.dir/src.cxx.o -c /home/fishershi/UDACITY/Term2/Project5/UDACITY_MPC/src/Eigen-3.3/build/CMakeFiles/CMakeTmp/src.cxx
c++: error: unrecognized command line option '-wd2304'
CMakeFiles/cmTC_e4124.dir/build.make:65: recipe for target 'CMakeFiles/cmTC_e4124.dir/src.cxx.o' failed
make[1]: *** [CMakeFiles/cmTC_e4124.dir/src.cxx.o] Error 1
make[1]: Leaving directory '/home/fishershi/UDACITY/Term2/Project5/UDACITY_MPC/src/Eigen-3.3/build/CMakeFiles/CMakeTmp'
Makefile:126: recipe for target 'cmTC_e4124/fast' failed
make: *** [cmTC_e4124/fast] Error 2

Source file was:
int main() { return 0; }
Performing C++ SOURCE FILE Test COMPILER_SUPPORT_STRICTANSI failed with the following output:
Change Dir: /home/fishershi/UDACITY/Term2/Project5/UDACITY_MPC/src/Eigen-3.3/build/CMakeFiles/CMakeTmp

Run Build Command:"/usr/bin/make" "cmTC_4b31f/fast"
/usr/bin/make -f CMakeFiles/cmTC_4b31f.dir/build.make CMakeFiles/cmTC_4b31f.dir/build
make[1]: Entering directory '/home/fishershi/UDACITY/Term2/Project5/UDACITY_MPC/src/Eigen-3.3/build/CMakeFiles/CMakeTmp'
Building CXX object CMakeFiles/cmTC_4b31f.dir/src.cxx.o
/usr/bin/c++     -pedantic -Wall -Wextra -Wundef -Wcast-align -Wchar-subscripts -Wnon-virtual-dtor -Wunused-local-typedefs -Wpointer-arith -Wwrite-strings -Wformat-security -Wlogical-op -Wdouble-promotion -Wno-psabi -Wno-variadic-macros -Wno-long-long -fno-check-new -fno-common -fstrict-aliasing -DCOMPILER_SUPPORT_STRICTANSI -Werror   -strict-ansi -o CMakeFiles/cmTC_4b31f.dir/src.cxx.o -c /home/fishershi/UDACITY/Term2/Project5/UDACITY_MPC/src/Eigen-3.3/build/CMakeFiles/CMakeTmp/src.cxx
c++: error: unrecognized command line option '-strict-ansi'
CMakeFiles/cmTC_4b31f.dir/build.make:65: recipe for target 'CMakeFiles/cmTC_4b31f.dir/src.cxx.o' failed
make[1]: *** [CMakeFiles/cmTC_4b31f.dir/src.cxx.o] Error 1
make[1]: Leaving directory '/home/fishershi/UDACITY/Term2/Project5/UDACITY_MPC/src/Eigen-3.3/build/CMakeFiles/CMakeTmp'
Makefile:126: recipe for target 'cmTC_4b31f/fast' failed
make: *** [cmTC_4b31f/fast] Error 2

Source file was:
int main() { return 0; }
Performing C++ SOURCE FILE Test COMPILER_SUPPORT_Qunusedarguments failed with the following output:
Change Dir: /home/fishershi/UDACITY/Term2/Project5/UDACITY_MPC/src/Eigen-3.3/build/CMakeFiles/CMakeTmp

Run Build Command:"/usr/bin/make" "cmTC_5269a/fast"
/usr/bin/make -f CMakeFiles/cmTC_5269a.dir/build.make CMakeFiles/cmTC_5269a.dir/build
make[1]: Entering directory '/home/fishershi/UDACITY/Term2/Project5/UDACITY_MPC/src/Eigen-3.3/build/CMakeFiles/CMakeTmp'
Building CXX object CMakeFiles/cmTC_5269a.dir/src.cxx.o
/usr/bin/c++     -pedantic -Wall -Wextra -Wundef -Wcast-align -Wchar-subscripts -Wnon-virtual-dtor -Wunused-local-typedefs -Wpointer-arith -Wwrite-strings -Wformat-security -Wlogical-op -Wdouble-promotion -Wno-psabi -Wno-variadic-macros -Wno-long-long -fno-check-new -fno-common -fstrict-aliasing -DCOMPILER_SUPPORT_Qunusedarguments -Werror   -Qunused-arguments -o CMakeFiles/cmTC_5269a.dir/src.cxx.o -c /home/fishershi/UDACITY/Term2/Project5/UDACITY_MPC/src/Eigen-3.3/build/CMakeFiles/CMakeTmp/src.cxx
c++: error: unrecognized command line option '-Qunused-arguments'
CMakeFiles/cmTC_5269a.dir/build.make:65: recipe for target 'CMakeFiles/cmTC_5269a.dir/src.cxx.o' failed
make[1]: *** [CMakeFiles/cmTC_5269a.dir/src.cxx.o] Error 1
make[1]: Leaving directory '/home/fishershi/UDACITY/Term2/Project5/UDACITY_MPC/src/Eigen-3.3/build/CMakeFiles/CMakeTmp'
Makefile:126: recipe for target 'cmTC_5269a/fast' failed
make: *** [cmTC_5269a/fast] Error 2

Source file was:
int main() { return 0; }
Determining if the Q_WS_WIN exist failed with the following output:
Change Dir: /home/fishershi/UDACITY/Term2/Project5/UDACITY_MPC/src/Eigen-3.3/build/CMakeFiles/CMakeTmp

Run Build Command:"/usr/bin/make" "cmTC_6bfed/fast"
/usr/bin/make -f CMakeFiles/cmTC_6bfed.dir/build.make CMakeFiles/cmTC_6bfed.dir/build
make[1]: Entering directory '/home/fishershi/UDACITY/Term2/Project5/UDACITY_MPC/src/Eigen-3.3/build/CMakeFiles/CMakeTmp'
Building CXX object CMakeFiles/cmTC_6bfed.dir/CheckSymbolExists.cxx.o
/usr/bin/c++    -I/usr/include/qt4  -pedantic -Wall -Wextra -Wundef -Wcast-align -Wchar-subscripts -Wnon-virtual-dtor -Wunused-local-typedefs -Wpointer-arith -Wwrite-strings -Wformat-security -Wlogical-op -Wdouble-promotion -Wno-psabi -Wno-variadic-macros -Wno-long-long -fno-check-new -fno-common -fstrict-aliasing -ansi -O1 -g1    -o CMakeFiles/cmTC_6bfed.dir/CheckSymbolExists.cxx.o -c /home/fishershi/UDACITY/Term2/Project5/UDACITY_MPC/src/Eigen-3.3/build/CMakeFiles/CMakeTmp/CheckSymbolExists.cxx
/home/fishershi/UDACITY/Term2/Project5/UDACITY_MPC/src/Eigen-3.3/build/CMakeFiles/CMakeTmp/CheckSymbolExists.cxx: In function ‘int main(int, char**)’:
/home/fishershi/UDACITY/Term2/Project5/UDACITY_MPC/src/Eigen-3.3/build/CMakeFiles/CMakeTmp/CheckSymbolExists.cxx:8:19: error: ‘Q_WS_WIN’ was not declared in this scope
   return ((int*)(&Q_WS_WIN))[argc];
                   ^
CMakeFiles/cmTC_6bfed.dir/build.make:65: recipe for target 'CMakeFiles/cmTC_6bfed.dir/CheckSymbolExists.cxx.o' failed
make[1]: *** [CMakeFiles/cmTC_6bfed.dir/CheckSymbolExists.cxx.o] Error 1
make[1]: Leaving directory '/home/fishershi/UDACITY/Term2/Project5/UDACITY_MPC/src/Eigen-3.3/build/CMakeFiles/CMakeTmp'
Makefile:126: recipe for target 'cmTC_6bfed/fast' failed
make: *** [cmTC_6bfed/fast] Error 2

File /home/fishershi/UDACITY/Term2/Project5/UDACITY_MPC/src/Eigen-3.3/build/CMakeFiles/CMakeTmp/CheckSymbolExists.cxx:
/* */
#include <QtCore/qglobal.h>

int main(int argc, char** argv)
{
  (void)argv;
#ifndef Q_WS_WIN
  return ((int*)(&Q_WS_WIN))[argc];
#else
  (void)argc;
  return 0;
#endif
}

Determining if the Q_WS_QWS exist failed with the following output:
Change Dir: /home/fishershi/UDACITY/Term2/Project5/UDACITY_MPC/src/Eigen-3.3/build/CMakeFiles/CMakeTmp

Run Build Command:"/usr/bin/make" "cmTC_5b1fe/fast"
/usr/bin/make -f CMakeFiles/cmTC_5b1fe.dir/build.make CMakeFiles/cmTC_5b1fe.dir/build
make[1]: Entering directory '/home/fishershi/UDACITY/Term2/Project5/UDACITY_MPC/src/Eigen-3.3/build/CMakeFiles/CMakeTmp'
Building CXX object CMakeFiles/cmTC_5b1fe.dir/CheckSymbolExists.cxx.o
/usr/bin/c++    -I/usr/include/qt4  -pedantic -Wall -Wextra -Wundef -Wcast-align -Wchar-subscripts -Wnon-virtual-dtor -Wunused-local-typedefs -Wpointer-arith -Wwrite-strings -Wformat-security -Wlogical-op -Wdouble-promotion -Wno-psabi -Wno-variadic-macros -Wno-long-long -fno-check-new -fno-common -fstrict-aliasing -ansi -O1 -g1    -o CMakeFiles/cmTC_5b1fe.dir/CheckSymbolExists.cxx.o -c /home/fishershi/UDACITY/Term2/Project5/UDACITY_MPC/src/Eigen-3.3/build/CMakeFiles/CMakeTmp/CheckSymbolExists.cxx
/home/fishershi/UDACITY/Term2/Project5/UDACITY_MPC/src/Eigen-3.3/build/CMakeFiles/CMakeTmp/CheckSymbolExists.cxx: In function ‘int main(int, char**)’:
/home/fishershi/UDACITY/Term2/Project5/UDACITY_MPC/src/Eigen-3.3/build/CMakeFiles/CMakeTmp/CheckSymbolExists.cxx:8:19: error: ‘Q_WS_QWS’ was not declared in this scope
   return ((int*)(&Q_WS_QWS))[argc];
                   ^
CMakeFiles/cmTC_5b1fe.dir/build.make:65: recipe for target 'CMakeFiles/cmTC_5b1fe.dir/CheckSymbolExists.cxx.o' failed
make[1]: *** [CMakeFiles/cmTC_5b1fe.dir/CheckSymbolExists.cxx.o] Error 1
make[1]: Leaving directory '/home/fishershi/UDACITY/Term2/Project5/UDACITY_MPC/src/Eigen-3.3/build/CMakeFiles/CMakeTmp'
Makefile:126: recipe for target 'cmTC_5b1fe/fast' failed
make: *** [cmTC_5b1fe/fast] Error 2

File /home/fishershi/UDACITY/Term2/Project5/UDACITY_MPC/src/Eigen-3.3/build/CMakeFiles/CMakeTmp/CheckSymbolExists.cxx:
/* */
#include <QtCore/qglobal.h>

int main(int argc, char** argv)
{
  (void)argv;
#ifndef Q_WS_QWS
  return ((int*)(&Q_WS_QWS))[argc];
#else
  (void)argc;
  return 0;
#endif
}

Determining if the Q_WS_MAC exist failed with the following output:
Change Dir: /home/fishershi/UDACITY/Term2/Project5/UDACITY_MPC/src/Eigen-3.3/build/CMakeFiles/CMakeTmp

Run Build Command:"/usr/bin/make" "cmTC_5fd22/fast"
/usr/bin/make -f CMakeFiles/cmTC_5fd22.dir/build.make CMakeFiles/cmTC_5fd22.dir/build
make[1]: Entering directory '/home/fishershi/UDACITY/Term2/Project5/UDACITY_MPC/src/Eigen-3.3/build/CMakeFiles/CMakeTmp'
Building CXX object CMakeFiles/cmTC_5fd22.dir/CheckSymbolExists.cxx.o
/usr/bin/c++    -I/usr/include/qt4  -pedantic -Wall -Wextra -Wundef -Wcast-align -Wchar-subscripts -Wnon-virtual-dtor -Wunused-local-typedefs -Wpointer-arith -Wwrite-strings -Wformat-security -Wlogical-op -Wdouble-promotion -Wno-psabi -Wno-variadic-macros -Wno-long-long -fno-check-new -fno-common -fstrict-aliasing -ansi -O1 -g1    -o CMakeFiles/cmTC_5fd22.dir/CheckSymbolExists.cxx.o -c /home/fishershi/UDACITY/Term2/Project5/UDACITY_MPC/src/Eigen-3.3/build/CMakeFiles/CMakeTmp/CheckSymbolExists.cxx
/home/fishershi/UDACITY/Term2/Project5/UDACITY_MPC/src/Eigen-3.3/build/CMakeFiles/CMakeTmp/CheckSymbolExists.cxx: In function ‘int main(int, char**)’:
/home/fishershi/UDACITY/Term2/Project5/UDACITY_MPC/src/Eigen-3.3/build/CMakeFiles/CMakeTmp/CheckSymbolExists.cxx:8:19: error: ‘Q_WS_MAC’ was not declared in this scope
   return ((int*)(&Q_WS_MAC))[argc];
                   ^
CMakeFiles/cmTC_5fd22.dir/build.make:65: recipe for target 'CMakeFiles/cmTC_5fd22.dir/CheckSymbolExists.cxx.o' failed
make[1]: *** [CMakeFiles/cmTC_5fd22.dir/CheckSymbolExists.cxx.o] Error 1
make[1]: Leaving directory '/home/fishershi/UDACITY/Term2/Project5/UDACITY_MPC/src/Eigen-3.3/build/CMakeFiles/CMakeTmp'
Makefile:126: recipe for target 'cmTC_5fd22/fast' failed
make: *** [cmTC_5fd22/fast] Error 2

File /home/fishershi/UDACITY/Term2/Project5/UDACITY_MPC/src/Eigen-3.3/build/CMakeFiles/CMakeTmp/CheckSymbolExists.cxx:
/* */
#include <QtCore/qglobal.h>

int main(int argc, char** argv)
{
  (void)argv;
#ifndef Q_WS_MAC
  return ((int*)(&Q_WS_MAC))[argc];
#else
  (void)argc;
  return 0;
#endif
}

Determining if the pthread_create exist failed with the following output:
Change Dir: /home/fishershi/UDACITY/Term2/Project5/UDACITY_MPC/src/Eigen-3.3/build/CMakeFiles/CMakeTmp

Run Build Command:"/usr/bin/make" "cmTC_ac6eb/fast"
/usr/bin/make -f CMakeFiles/cmTC_ac6eb.dir/build.make CMakeFiles/cmTC_ac6eb.dir/build
make[1]: Entering directory '/home/fishershi/UDACITY/Term2/Project5/UDACITY_MPC/src/Eigen-3.3/build/CMakeFiles/CMakeTmp'
Building C object CMakeFiles/cmTC_ac6eb.dir/CheckSymbolExists.c.o
/usr/bin/cc     -o CMakeFiles/cmTC_ac6eb.dir/CheckSymbolExists.c.o   -c /home/fishershi/UDACITY/Term2/Project5/UDACITY_MPC/src/Eigen-3.3/build/CMakeFiles/CMakeTmp/CheckSymbolExists.c
Linking C executable cmTC_ac6eb
/usr/bin/cmake -E cmake_link_script CMakeFiles/cmTC_ac6eb.dir/link.txt --verbose=1
/usr/bin/cc       CMakeFiles/cmTC_ac6eb.dir/CheckSymbolExists.c.o  -o cmTC_ac6eb -rdynamic 
CMakeFiles/cmTC_ac6eb.dir/CheckSymbolExists.c.o: In function `main':
CheckSymbolExists.c:(.text+0x16): undefined reference to `pthread_create'
collect2: error: ld returned 1 exit status
CMakeFiles/cmTC_ac6eb.dir/build.make:97: recipe for target 'cmTC_ac6eb' failed
make[1]: *** [cmTC_ac6eb] Error 1
make[1]: Leaving directory '/home/fishershi/UDACITY/Term2/Project5/UDACITY_MPC/src/Eigen-3.3/build/CMakeFiles/CMakeTmp'
Makefile:126: recipe for target 'cmTC_ac6eb/fast' failed
make: *** [cmTC_ac6eb/fast] Error 2

File /home/fishershi/UDACITY/Term2/Project5/UDACITY_MPC/src/Eigen-3.3/build/CMakeFiles/CMakeTmp/CheckSymbolExists.c:
/* */
#include <pthread.h>

int main(int argc, char** argv)
{
  (void)argv;
#ifndef pthread_create
  return ((int*)(&pthread_create))[argc];
#else
  (void)argc;
  return 0;
#endif
}

Determining if the function pthread_create exists in the pthreads failed with the following output:
Change Dir: /home/fishershi/UDACITY/Term2/Project5/UDACITY_MPC/src/Eigen-3.3/build/CMakeFiles/CMakeTmp

Run Build Command:"/usr/bin/make" "cmTC_a380e/fast"
/usr/bin/make -f CMakeFiles/cmTC_a380e.dir/build.make CMakeFiles/cmTC_a380e.dir/build
make[1]: Entering directory '/home/fishershi/UDACITY/Term2/Project5/UDACITY_MPC/src/Eigen-3.3/build/CMakeFiles/CMakeTmp'
Building C object CMakeFiles/cmTC_a380e.dir/CheckFunctionExists.c.o
/usr/bin/cc    -DCHECK_FUNCTION_EXISTS=pthread_create   -o CMakeFiles/cmTC_a380e.dir/CheckFunctionExists.c.o   -c /usr/share/cmake-3.5/Modules/CheckFunctionExists.c
Linking C executable cmTC_a380e
/usr/bin/cmake -E cmake_link_script CMakeFiles/cmTC_a380e.dir/link.txt --verbose=1
/usr/bin/cc   -DCHECK_FUNCTION_EXISTS=pthread_create    CMakeFiles/cmTC_a380e.dir/CheckFunctionExists.c.o  -o cmTC_a380e -rdynamic -lpthreads 
/usr/bin/ld: cannot find -lpthreads
collect2: error: ld returned 1 exit status
CMakeFiles/cmTC_a380e.dir/build.make:97: recipe for target 'cmTC_a380e' failed
make[1]: *** [cmTC_a380e] Error 1
make[1]: Leaving directory '/home/fishershi/UDACITY/Term2/Project5/UDACITY_MPC/src/Eigen-3.3/build/CMakeFiles/CMakeTmp'
Makefile:126: recipe for target 'cmTC_a380e/fast' failed
make: *** [cmTC_a380e/fast] Error 2


